---------------
lemonbot
---------------
Starting lemonbot...
lemonbot Launched!
ERROR:asyncio:Task was destroyed but it is pending!
task: <Task pending coro=<daily_check() running at lemonbot.py:174> wait_for=<Future pending cb=[<TaskWakeupMethWrapper object at 0x7f8625c1d558>()]>>
---------------
lemonbot
---------------
Starting lemonbot...
lemonbot Launched!
WARNING:discord.gateway:We have stopped responding to the gateway.
---------------
lemonbot
---------------
Starting lemonbot...
lemonbot Launched!
ERROR:asyncio:Task was destroyed but it is pending!
task: <Task pending coro=<daily_check() running at lemonbot.py:175> wait_for=<Future pending cb=[<TaskWakeupMethWrapper object at 0x7fd330f959a8>()]>>
ERROR:asyncio:Task exception was never retrieved
future: <Task finished coro=<daily_check() done, defined at lemonbot.py:158> exception=AttributeError("'NoneType' object has no attribute 'roles'",)>
Traceback (most recent call last):
  File "lemonbot.py", line 170, in daily_check
    await scrub_bdays(date['month'], date['day'])
  File "lemonbot.py", line 135, in scrub_bdays
    await client.remove_roles(lemon, role)
  File "/home/ubuntu/anaconda3/lib/python3.6/site-packages/discord/client.py", line 2943, in remove_roles
    new_roles = [x.id for x in member.roles]
AttributeError: 'NoneType' object has no attribute 'roles'
---------------
lemonbot
---------------
Starting lemonbot...
lemonbot Launched!
ERROR:asyncio:Task exception was never retrieved
future: <Task finished coro=<daily_check() done, defined at lemonbot.py:158> exception=AttributeError("'NoneType' object has no attribute 'roles'",)>
Traceback (most recent call last):
  File "lemonbot.py", line 170, in daily_check
    await scrub_bdays(date['month'], date['day'])
  File "lemonbot.py", line 135, in scrub_bdays
    await client.remove_roles(lemon, role)
  File "/home/ubuntu/anaconda3/lib/python3.6/site-packages/discord/client.py", line 2943, in remove_roles
    new_roles = [x.id for x in member.roles]
AttributeError: 'NoneType' object has no attribute 'roles'
---------------
lemonbot
---------------
Starting lemonbot...
lemonbot Launched!
ERROR:asyncio:Task exception was never retrieved
future: <Task finished coro=<daily_check() done, defined at lemonbot.py:158> exception=AttributeError("'NoneType' object has no attribute 'roles'",)>
Traceback (most recent call last):
  File "lemonbot.py", line 170, in daily_check
    await scrub_bdays(date['month'], date['day'])
  File "lemonbot.py", line 135, in scrub_bdays
    await client.remove_roles(lemon, role)
  File "/home/ubuntu/anaconda3/lib/python3.6/site-packages/discord/client.py", line 2943, in remove_roles
    new_roles = [x.id for x in member.roles]
AttributeError: 'NoneType' object has no attribute 'roles'
ERROR:asyncio:Task exception was never retrieved
future: <Task finished coro=<daily_check() done, defined at lemonbot.py:158> exception=AttributeError("'NoneType' object has no attribute 'roles'",)>
Traceback (most recent call last):
  File "lemonbot.py", line 170, in daily_check
    await scrub_bdays(date['month'], date['day'])
  File "lemonbot.py", line 135, in scrub_bdays
    await client.remove_roles(lemon, role)
  File "/home/ubuntu/anaconda3/lib/python3.6/site-packages/discord/client.py", line 2943, in remove_roles
    new_roles = [x.id for x in member.roles]
AttributeError: 'NoneType' object has no attribute 'roles'
  File "lemonbot.py", line 135
    if len(lemon.roles) > 0:
                           ^
TabError: inconsistent use of tabs and spaces in indentation
